<?xml version="1.0" encoding="UTF-8"?><testsuite errors="1" failures="0" name="Register in advantage online shopping" skipped="0" tests="1" time="16.06" timestamp="2020-03-20 05:05:39"><testcase name="Register Advantage"><error message="element click intercepted: Element &lt;a href=&quot;javascript:void(0)&quot; role=&quot;link&quot; class=&quot;create-new-account ng-scope&quot; translate=&quot;CREATE_NEW_ACCOUNT&quot; data-ng-click=&quot;createNewAccount()&quot;&gt;...&lt;/a&gt; is not clickable at point (683, 486). Other element would receive the click: &lt;div class=&quot;loader&quot; style=&quot;display: block; opacity: 1;&quot;&gt;...&lt;/div&gt;&#10;  (Session info: chrome=80.0.3987.149)&#10;Build info: version: '3.141.59', revision: 'e82be7d358', time: '2018-11-14T08:17:03'&#10;System info: host: 'DESKTOP-1SCGRM1', ip: '192.168.0.12', os.name: 'Windows 10', os.arch: 'amd64', os.version: '10.0', java.version: '1.8.0_241'&#10;Driver info: org.openqa.selenium.chrome.ChromeDriver&#10;Capabilities {acceptInsecureCerts: false, browserName: chrome, browserVersion: 80.0.3987.149, chrome: {chromedriverVersion: 79.0.3945.36 (3582db32b3389..., userDataDir: C:\Users\Usuario\AppData\Lo...}, goog:chromeOptions: {debuggerAddress: localhost:53120}, javascriptEnabled: true, networkConnectionEnabled: false, pageLoadStrategy: normal, platform: WINDOWS, platformName: WINDOWS, proxy: Proxy(), setWindowRect: true, strictFileInteractability: false, timeouts: {implicit: 0, pageLoad: 300000, script: 30000}, unhandledPromptBehavior: dismiss and notify}&#10;Session ID: 2ea4bea6072f9e5dd2a0109fd49f0bc1" type="org.openqa.selenium.ElementClickInterceptedException">element click intercepted: Element &lt;a href="javascript:void(0)" role="link" class="create-new-account ng-scope" translate="CREATE_NEW_ACCOUNT" data-ng-click="createNewAccount()"&gt;...&lt;/a&gt; is not clickable at point (683, 486). Other element would receive the click: &lt;div class="loader" style="display: block; opacity: 1;"&gt;...&lt;/div&gt;
  (Session info: chrome=80.0.3987.149)
Build info: version: '3.141.59', revision: 'e82be7d358', time: '2018-11-14T08:17:03'
System info: host: 'DESKTOP-1SCGRM1', ip: '192.168.0.12', os.name: 'Windows 10', os.arch: 'amd64', os.version: '10.0', java.version: '1.8.0_241'
Driver info: org.openqa.selenium.chrome.ChromeDriver
Capabilities {acceptInsecureCerts: false, browserName: chrome, browserVersion: 80.0.3987.149, chrome: {chromedriverVersion: 79.0.3945.36 (3582db32b3389..., userDataDir: C:\Users\Usuario\AppData\Lo...}, goog:chromeOptions: {debuggerAddress: localhost:53120}, javascriptEnabled: true, networkConnectionEnabled: false, pageLoadStrategy: normal, platform: WINDOWS, platformName: WINDOWS, proxy: Proxy(), setWindowRect: true, strictFileInteractability: false, timeouts: {implicit: 0, pageLoad: 300000, script: 30000}, unhandledPromptBehavior: dismiss and notify}
Session ID: 2ea4bea6072f9e5dd2a0109fd49f0bc1</error><system-err>element click intercepted: Element &lt;a href="javascript:void(0)" role="link" class="create-new-account ng-scope" translate="CREATE_NEW_ACCOUNT" data-ng-click="createNewAccount()"&gt;...&lt;/a&gt; is not clickable at point (683, 486). Other element would receive the click: &lt;div class="loader" style="display: block; opacity: 1;"&gt;...&lt;/div&gt;
  (Session info: chrome=80.0.3987.149)
Build info: version: '3.141.59', revision: 'e82be7d358', time: '2018-11-14T08:17:03'
System info: host: 'DESKTOP-1SCGRM1', ip: '192.168.0.12', os.name: 'Windows 10', os.arch: 'amd64', os.version: '10.0', java.version: '1.8.0_241'
Driver info: org.openqa.selenium.chrome.ChromeDriver
Capabilities {acceptInsecureCerts: false, browserName: chrome, browserVersion: 80.0.3987.149, chrome: {chromedriverVersion: 79.0.3945.36 (3582db32b3389..., userDataDir: C:\Users\Usuario\AppData\Lo...}, goog:chromeOptions: {debuggerAddress: localhost:53120}, javascriptEnabled: true, networkConnectionEnabled: false, pageLoadStrategy: normal, platform: WINDOWS, platformName: WINDOWS, proxy: Proxy(), setWindowRect: true, strictFileInteractability: false, timeouts: {implicit: 0, pageLoad: 300000, script: 30000}, unhandledPromptBehavior: dismiss and notify}
Session ID: 2ea4bea6072f9e5dd2a0109fd49f0bc1&#13;
com.advantages.online.tasks.register.RegisterAdvantageTask.performAs(RegisterAdvantageTask.java:25)&#13;
com.advantages.online.stepdefinitions.RegisterAdvantageStepDefinition.userEnterInCreateNewAccount(RegisterAdvantageStepDefinition.java:33)&#13;
cucumber.runner.Runner.runPickle(Runner.java:80)&#13;
org.eclipse.jdt.internal.junit4.runner.JUnit4TestReference.run(JUnit4TestReference.java:86)&#13;
org.eclipse.jdt.internal.junit.runner.TestExecution.run(TestExecution.java:38)&#13;
org.eclipse.jdt.internal.junit.runner.RemoteTestRunner.runTests(RemoteTestRunner.java:538)&#13;
org.eclipse.jdt.internal.junit.runner.RemoteTestRunner.runTests(RemoteTestRunner.java:760)&#13;
org.eclipse.jdt.internal.junit.runner.RemoteTestRunner.run(RemoteTestRunner.java:460)&#13;
org.eclipse.jdt.internal.junit.runner.RemoteTestRunner.main(RemoteTestRunner.java:206)&#13;
</system-err></testcase></testsuite>